cts_srr_02_2020_pt - Cannot open file for writing:
* 'processed_output/cts_srr_02_2020_pt_processed.csv'
cts_srr_05_2019_pt - Cannot open file for writing:
* 'processed_output/cts_srr_05_2019_pt_processed.csv'
cts_srr_10_2020_pt - Cannot open file for writing:
* 'processed_output/cts_srr_10_2020_pt_processed.csv'
cts_srr_08_2021_pt - Cannot open file for writing:
* 'processed_output/cts_srr_08_2021_pt_processed.csv'
cts__srr_12_2021_pt - Cannot open file for writing:
* 'processed_output/cts__srr_12_2021_pt_processed.csv'
cts_srr_06_2023_pt - Cannot open file for writing:
* 'processed_output/cts_srr_06_2023_pt_processed.csv'
cts_srr_03_2023_pt - Cannot open file for writing:
* 'processed_output/cts_srr_03_2023_pt_processed.csv'
cts_srr_11_2024_pt - Cannot open file for writing:
* 'processed_output/cts_srr_11_2024_pt_processed.csv'
cts_srr_02_2021_pt - Cannot open file for writing:
* 'processed_output/cts_srr_02_2021_pt_processed.csv'
cts_srr_05_2020_pt - Cannot open file for writing:
* 'processed_output/cts_srr_05_2020_pt_processed.csv'
cts_srr_01_2018_pt - Cannot open file for writing:
* 'processed_output/cts_srr_01_2018_pt_processed.csv'
cts_srr_10_2021_pt - Cannot open file for writing:
* 'processed_output/cts_srr_10_2021_pt_processed.csv'
cts_srr_08_2022_pt - Cannot open file for writing:
* 'processed_output/cts_srr_08_2022_pt_processed.csv'
cts_srr_03_2024_pt - Cannot open file for writing:
* 'processed_output/cts_srr_03_2024_pt_processed.csv'
cts_srr_01_2019_pt - Cannot open file for writing:
* 'processed_output/cts_srr_01_2019_pt_processed.csv'
cts_srr_06_2024_pt - Cannot open file for writing:
* 'processed_output/cts_srr_06_2024_pt_processed.csv'
cts_srr_01_2020_pt - Cannot open file for writing:
* 'processed_output/cts_srr_01_2020_pt_processed.csv'
cts_srr_05_2021_pt - Cannot open file for writing:
* 'processed_output/cts_srr_05_2021_pt_processed.csv'
cts_srr_02_2022_pt - Cannot open file for writing:
* 'processed_output/cts_srr_02_2022_pt_processed.csv'
cts_srr_10_2022_pt - Cannot open file for writing:
* 'processed_output/cts_srr_10_2022_pt_processed.csv'
cts_srr_12_2018_pt - Cannot open file for writing:
* 'processed_output/cts_srr_12_2018_pt_processed.csv'
cts_srr_01_2021_pt - Cannot open file for writing:
* 'processed_output/cts_srr_01_2021_pt_processed.csv'
cts_srr_08_2023_pt - Cannot open file for writing:
* 'processed_output/cts_srr_08_2023_pt_processed.csv'
cts_srr_02_2023_pt - Cannot open file for writing:
* 'processed_output/cts_srr_02_2023_pt_processed.csv'
cts_srr_01_2022_pt - Cannot open file for writing:
* 'processed_output/cts_srr_01_2022_pt_processed.csv'
cts_srr_01_2023_pt - Cannot open file for writing:
* 'processed_output/cts_srr_01_2023_pt_processed.csv'
cts_srr_07_2018_pt - Cannot open file for writing:
* 'processed_output/cts_srr_07_2018_pt_processed.csv'
cts_srr_07_2021_pt - Cannot open file for writing:
* 'processed_output/cts_srr_07_2021_pt_processed.csv'
cts_srr_12_2019_thinned_pt - Cannot open file for writing:
* 'processed_output/cts_srr_12_2019_thinned_pt_processed.csv'
cts_srr_07_2022_pt - Cannot open file for writing:
* 'processed_output/cts_srr_07_2022_pt_processed.csv'
cts_srr_03_2025_pt - Cannot open file for writing:
* 'processed_output/cts_srr_03_2025_pt_processed.csv'
cts_srr_10_2023_pt - Cannot open file for writing:
* 'processed_output/cts_srr_10_2023_pt_processed.csv'
cts_srr_12_2020_pt - Cannot open file for writing:
* 'processed_output/cts_srr_12_2020_pt_processed.csv'
cts_srr_08_2024_pt - Cannot open file for writing:
* 'processed_output/cts_srr_08_2024_pt_processed.csv'
cts_srr_02_2024_pt - Cannot open file for writing:
* 'processed_output/cts_srr_02_2024_pt_processed.csv'
cts_srr_09_2018_pt - Cannot open file for writing:
* 'processed_output/cts_srr_09_2018_pt_processed.csv'
cts_srr_05_2022_pt - Cannot open file for writing:
* 'processed_output/cts_srr_05_2022_pt_processed.csv'
cts_srr_12_2022_pt - Cannot open file for writing:
* 'processed_output/cts_srr_12_2022_pt_processed.csv'
cts_srr_10_2024_pt - Cannot open file for writing:
* 'processed_output/cts_srr_10_2024_pt_processed.csv'
cts_srr_09_2019_thinned_pt - Cannot open file for writing:
* 'processed_output/cts_srr_09_2019_thinned_pt_processed.csv'
cts_srr_04_2018_pt - Cannot open file for writing:
* 'processed_output/cts_srr_04_2018_pt_processed.csv'
cts_srr_07_2023_pt - Cannot open file for writing:
* 'processed_output/cts_srr_07_2023_pt_processed.csv'
cts_srr_01_2024_pt - Cannot open file for writing:
* 'processed_output/cts_srr_01_2024_pt_processed.csv'
cts_srr_11_2018_pt - Cannot open file for writing:
* 'processed_output/cts_srr_11_2018_pt_processed.csv'
